<?xml version="1.0" encoding="UTF-8"?>
<!-- Generated by org.testng.reporters.JUnitXMLReporter -->
<testsuite ignored="1" hostname="DESKTOP-0KQFE3I" failures="0" tests="1" name="Happy Senario" time="7.139" errors="0" timestamp="2023-10-24T12:49:36 EET">
  <testcase classname="test2.SignUp" name="Sad_Senario_Signup" time="4.927"/>
  <testcase classname="test2.SignUp" name="Happy_Senario_Signup" time="0.0">
    <ignored/>
  </testcase> <!-- Happy_Senario_Signup -->
</testsuite> <!-- Happy Senario -->
